[debug] [2024-07-18T07:41:06.548Z] ----------------------------------------------------------------------
[debug] [2024-07-18T07:41:06.550Z] Command:       /usr/local/bin/firebase /Users/dengjiaming/.cache/firebase/tools/lib/node_modules/firebase-tools/lib/bin/firebase deploy
[debug] [2024-07-18T07:41:06.552Z] CLI Version:   13.4.0
[debug] [2024-07-18T07:41:06.552Z] Platform:      darwin
[debug] [2024-07-18T07:41:06.552Z] Node Version:  v18.5.0
[debug] [2024-07-18T07:41:06.554Z] Time:          Thu Jul 18 2024 15:41:06 GMT+0800 (China Standard Time)
[debug] [2024-07-18T07:41:06.554Z] ----------------------------------------------------------------------
[debug] 
[debug] [2024-07-18T07:41:06.715Z] > command requires scopes: ["email","openid","https://www.googleapis.com/auth/cloudplatformprojects.readonly","https://www.googleapis.com/auth/firebase","https://www.googleapis.com/auth/cloud-platform"]
[debug] [2024-07-18T07:41:06.716Z] > authorizing via signed-in user (miked232@uw.edu)
[debug] [2024-07-18T07:41:06.718Z] [iam] checking project mike-website-e3558 for permissions ["firebase.projects.get","firebasehosting.sites.update"]
[debug] [2024-07-18T07:41:06.720Z] > refreshing access token with scopes: []
[debug] [2024-07-18T07:41:06.723Z] >>> [apiv2][query] POST https://www.googleapis.com/oauth2/v3/token [none]
[debug] [2024-07-18T07:41:06.725Z] >>> [apiv2][body] POST https://www.googleapis.com/oauth2/v3/token [omitted]
[debug] [2024-07-18T07:42:21.887Z] *** [apiv2] error from fetch(https://www.googleapis.com/oauth2/v3/token, {"headers":{},"method":"POST","body":{"_overheadLength":545,"_valueLength":212,"_valuesToMeasure":[],"writable":false,"readable":true,"dataSize":0,"maxDataSize":2097152,"pauseStreams":true,"_released":true,"_streams":[],"_currentStream":null,"_insideLoop":false,"_pendingNext":false,"_boundary":"--------------------------200980650506474525185515","_events":{},"_eventsCount":1}}): FetchError: request to https://www.googleapis.com/oauth2/v3/token failed, reason: connect ETIMEDOUT 142.251.43.10:443
[debug] [2024-07-18T07:42:21.904Z] [iam] error while checking permissions, command may fail: FirebaseError: Authentication Error: Your credentials are no longer valid. Please run firebase login --reauth

For CI servers and headless environments, generate a new token with firebase login:ci
[debug] [2024-07-18T07:42:21.924Z] > refreshing access token with scopes: []
[debug] [2024-07-18T07:42:21.928Z] >>> [apiv2][query] POST https://www.googleapis.com/oauth2/v3/token [none]
[debug] [2024-07-18T07:42:21.928Z] >>> [apiv2][body] POST https://www.googleapis.com/oauth2/v3/token [omitted]
[debug] [2024-07-18T07:43:37.038Z] *** [apiv2] error from fetch(https://www.googleapis.com/oauth2/v3/token, {"headers":{},"method":"POST","body":{"_overheadLength":545,"_valueLength":212,"_valuesToMeasure":[],"writable":false,"readable":true,"dataSize":0,"maxDataSize":2097152,"pauseStreams":true,"_released":true,"_streams":[],"_currentStream":null,"_insideLoop":false,"_pendingNext":false,"_boundary":"--------------------------663646482641703538193633","_events":{},"_eventsCount":1}}): FetchError: request to https://www.googleapis.com/oauth2/v3/token failed, reason: connect ETIMEDOUT 142.251.43.10:443
[debug] [2024-07-18T07:43:37.045Z] Authentication Error: Your credentials are no longer valid. Please run firebase login --reauth

For CI servers and headless environments, generate a new token with firebase login:ci
[error] 
[error] Error: Assertion failed: resolving hosting target of a site with no site name or target name. This should have caused an error earlier
